0 info it worked if it ends with ok
1 verbose cli [ '/Users/Mark/.nvm/versions/node/v7.6.0/bin/node',
1 verbose cli   '/Users/Mark/.nvm/versions/node/v7.6.0/bin/npm',
1 verbose cli   'run',
1 verbose cli   'test' ]
2 info using npm@4.1.2
3 info using node@v7.6.0
4 verbose run-script [ 'pretest', 'test', 'posttest' ]
5 info lifecycle StandardBounties@0.1.0~pretest: StandardBounties@0.1.0
6 silly lifecycle StandardBounties@0.1.0~pretest: no script for pretest, continuing
7 info lifecycle StandardBounties@0.1.0~test: StandardBounties@0.1.0
8 verbose lifecycle StandardBounties@0.1.0~test: unsafe-perm in lifecycle true
9 verbose lifecycle StandardBounties@0.1.0~test: PATH: /Users/Mark/.nvm/versions/node/v7.6.0/lib/node_modules/npm/bin/node-gyp-bin:/Users/Mark/Desktop/StandardBounties/node_modules/.bin:/Users/Mark/.nvm/versions/node/v7.6.0/bin:/usr/local/bin:/usr/bin:/bin:/usr/sbin:/sbin:/opt/X11/bin:/Applications/XAMPP/xamppfiles/bin/php:/Library/TeX/texbin
10 verbose lifecycle StandardBounties@0.1.0~test: CWD: /Users/Mark/Desktop/StandardBounties
11 silly lifecycle StandardBounties@0.1.0~test: Args: [ '-c', 'truffle test' ]
12 silly lifecycle StandardBounties@0.1.0~test: Returned: code: 1  signal: null
13 info lifecycle StandardBounties@0.1.0~test: Failed to exec test script
14 verbose stack Error: StandardBounties@0.1.0 test: `truffle test`
14 verbose stack Exit status 1
14 verbose stack     at EventEmitter.<anonymous> (/Users/Mark/.nvm/versions/node/v7.6.0/lib/node_modules/npm/lib/utils/lifecycle.js:279:16)
14 verbose stack     at emitTwo (events.js:106:13)
14 verbose stack     at EventEmitter.emit (events.js:192:7)
14 verbose stack     at ChildProcess.<anonymous> (/Users/Mark/.nvm/versions/node/v7.6.0/lib/node_modules/npm/lib/utils/spawn.js:40:14)
14 verbose stack     at emitTwo (events.js:106:13)
14 verbose stack     at ChildProcess.emit (events.js:192:7)
14 verbose stack     at maybeClose (internal/child_process.js:890:16)
14 verbose stack     at Process.ChildProcess._handle.onexit (internal/child_process.js:226:5)
15 verbose pkgid StandardBounties@0.1.0
16 verbose cwd /Users/Mark/Desktop/StandardBounties
17 error Darwin 16.7.0
18 error argv "/Users/Mark/.nvm/versions/node/v7.6.0/bin/node" "/Users/Mark/.nvm/versions/node/v7.6.0/bin/npm" "run" "test"
19 error node v7.6.0
20 error npm  v4.1.2
21 error code ELIFECYCLE
22 error StandardBounties@0.1.0 test: `truffle test`
22 error Exit status 1
23 error Failed at the StandardBounties@0.1.0 test script 'truffle test'.
23 error Make sure you have the latest version of node.js and npm installed.
23 error If you do, this is most likely a problem with the StandardBounties package,
23 error not with npm itself.
23 error Tell the author that this fails on your system:
23 error     truffle test
23 error You can get information on how to open an issue for this project with:
23 error     npm bugs StandardBounties
23 error Or if that isn't available, you can get their info via:
23 error     npm owner ls StandardBounties
23 error There is likely additional logging output above.
24 verbose exit [ 1, true ]
